2025-07-10 13:57:28.438846 | AI system log initialized
2025-07-10 13:57:29.836870 | [IntegrateData] Обучен на https://raw.githubusercontent.com/vinta/awesome-python/master/README.md
2025-07-10 13:57:30.672606 | [EvolveLoopError] 'score'
2025-07-10 13:57:30.845066 | [IntegrateData] Обучен на https://raw.githubusercontent.com/denysdovhan/bash-handbook/master/README.md
2025-07-10 13:57:31.595108 | [IntegrateData] Обучен на https://raw.githubusercontent.com/ossu/computer-science/master/README.md
2025-07-10 13:57:35.577911 | [EvolveLoopError] 'score'
2025-07-10 13:57:39.628805 | [EvolveLoopError] 'score'
2025-07-10 13:57:43.526062 | [EvolveLoopError] 'score'
2025-07-10 13:57:47.578341 | [EvolveLoopError] 'score'
2025-07-10 13:57:53.172034 | [EvolveLoopError] 'score'
2025-07-10 13:57:56.138022 | [EvolveLoopError] 'score'
2025-07-10 13:57:58.921554 | [EvolveLoopError] 'score'
2025-07-10 13:58:02.501995 | [EvolveLoopError] 'score'
2025-07-10 13:58:07.389470 | [EvolveLoopError] 'score'
2025-07-10 13:58:10.373770 | [EvolveLoopError] 'score'
2025-07-10 13:58:14.518689 | [EvolveLoopError] 'score'
2025-07-10 13:58:23.425985 | [EvolveLoopError] 'score'
2025-07-10 13:58:29.945636 | [EvolveLoopError] 'score'
2025-07-10 13:58:33.866596 | [EvolveLoopError] 'score'
2025-07-10 13:58:37.464462 | [EvolveLoopError] 'score'
2025-07-10 13:58:41.879318 | [EvolveLoopError] 'score'
2025-07-10 13:58:48.086847 | [EvolveLoopError] 'score'
2025-07-10 13:58:52.750630 | [EvolveLoopError] 'score'
2025-07-10 13:58:57.164731 | [EvolveLoopError] 'score'
2025-07-10 13:59:00.122075 | [EvolveLoopError] 'score'
2025-07-10 13:59:03.887040 | [EvolveLoopError] 'score'
2025-07-10 13:59:07.813616 | [EvolveLoopError] 'score'
2025-07-10 13:59:11.606636 | [EvolveLoopError] 'score'
2025-07-10 13:59:19.027079 | [EvolveLoopError] 'score'
2025-07-10 13:59:23.463835 | [EvolveLoopError] 'score'
2025-07-10 13:59:29.854840 | [EvolveLoopError] 'score'
2025-07-10 13:59:33.652720 | [EvolveLoopError] 'score'
2025-07-10 13:59:37.583194 | [EvolveLoopError] 'score'
2025-07-10 13:59:42.160430 | [EvolveLoopError] 'score'
2025-07-10 13:59:46.659933 | [EvolveLoopError] 'score'
2025-07-10 13:59:50.339044 | [EvolveLoopError] 'score'
2025-07-10 13:59:53.204909 | [EvolveLoopError] 'score'
2025-07-10 13:59:57.126498 | [EvolveLoopError] 'score'
2025-07-10 14:00:00.013727 | [EvolveLoopError] 'score'
2025-07-10 14:00:04.176258 | [EvolveLoopError] 'score'
2025-07-10 14:00:07.159249 | [EvolveLoopError] 'score'
2025-07-10 14:00:11.249565 | [EvolveLoopError] 'score'
2025-07-10 14:00:17.821453 | [EvolveLoopError] 'score'
2025-07-10 14:00:23.169906 | [EvolveLoopError] 'score'
2025-07-10 14:00:34.029685 | [EvolveLoopError] 'score'
2025-07-10 14:00:38.608227 | [EvolveLoopError] 'score'
2025-07-10 14:00:41.647463 | [EvolveLoopError] 'score'
2025-07-10 14:00:45.070086 | [EvolveLoopError] 'score'
2025-07-10 14:00:49.299894 | [EvolveLoopError] 'score'
2025-07-10 14:00:54.083284 | [EvolveLoopError] 'score'
2025-07-10 14:00:58.241707 | [EvolveLoopError] 'score'
2025-07-10 14:01:01.992817 | [EvolveLoopError] 'score'
2025-07-10 14:01:05.844613 | [EvolveLoopError] 'score'
2025-07-10 14:01:10.575402 | [EvolveLoopError] 'score'
2025-07-10 14:01:26.305188 | [EvolveLoopError] 'score'
2025-07-10 14:01:29.372456 | [EvolveLoopError] 'score'
2025-07-10 14:01:34.302524 | [EvolveLoopError] 'score'
2025-07-10 14:01:38.605323 | [EvolveLoopError] 'score'
2025-07-10 14:01:42.387352 | [EvolveLoopError] 'score'
2025-07-10 14:01:45.243367 | [EvolveLoopError] 'score'
2025-07-10 14:01:48.980116 | [EvolveLoopError] 'score'
2025-07-10 14:01:53.475290 | [EvolveLoopError] 'score'
2025-07-10 14:01:56.563624 | [EvolveLoopError] 'score'
2025-07-10 14:02:01.019954 | [EvolveLoopError] 'score'
2025-07-10 14:02:04.842759 | [EvolveLoopError] 'score'
2025-07-10 14:02:08.550990 | [EvolveLoopError] 'score'
2025-07-10 14:02:11.544375 | [EvolveLoopError] 'score'
2025-07-10 14:02:15.653751 | [EvolveLoopError] 'score'
2025-07-10 14:02:19.425535 | [EvolveLoopError] 'score'
2025-07-10 14:02:23.391518 | [EvolveLoopError] 'score'
2025-07-10 14:02:28.301474 | [EvolveLoopError] 'score'
2025-07-10 14:02:39.048667 | [EvolveLoopError] 'score'
2025-07-10 14:02:42.832332 | [EvolveLoopError] 'score'
2025-07-10 14:02:47.251839 | [EvolveLoopError] 'score'
2025-07-10 14:02:50.795310 | [EvolveLoopError] 'score'
2025-07-10 14:02:54.432404 | [EvolveLoopError] 'score'
2025-07-10 14:02:58.400223 | [EvolveLoopError] 'score'
2025-07-10 14:03:02.338886 | [EvolveLoopError] 'score'
2025-07-10 14:03:06.019750 | [EvolveLoopError] 'score'
2025-07-10 14:03:09.730684 | [EvolveLoopError] 'score'
2025-07-10 14:03:16.212755 | [EvolveLoopError] 'score'
2025-07-10 14:03:28.075715 | [EvolveLoopError] 'score'
2025-07-10 14:03:31.223740 | [EvolveLoopError] 'score'
2025-07-10 14:03:35.246234 | [EvolveLoopError] 'score'
2025-07-10 14:03:38.052577 | [EvolveLoopError] 'score'
2025-07-10 14:03:47.410524 | [EvolveLoopError] 'score'
2025-07-10 14:03:50.397512 | [EvolveLoopError] 'score'
2025-07-10 14:03:53.203505 | [EvolveLoopError] 'score'
2025-07-10 14:03:57.524361 | [EvolveLoopError] 'score'
2025-07-10 14:04:01.374413 | [EvolveLoopError] 'score'
2025-07-10 14:04:04.466590 | [EvolveLoopError] 'score'
2025-07-10 14:04:09.006046 | [EvolveLoopError] 'score'
2025-07-10 14:04:12.897169 | [EvolveLoopError] 'score'
2025-07-10 14:04:26.753520 | [EvolveLoopError] 'score'
2025-07-10 14:04:31.087906 | [EvolveLoopError] 'score'
2025-07-10 14:04:34.679373 | [EvolveLoopError] 'score'
2025-07-10 14:04:38.758345 | [EvolveLoopError] 'score'
2025-07-10 14:04:43.693235 | [EvolveLoopError] 'score'
2025-07-10 14:04:46.492846 | [EvolveLoopError] 'score'
2025-07-10 14:04:49.450506 | [EvolveLoopError] 'score'
2025-07-10 14:04:53.382611 | [EvolveLoopError] 'score'
2025-07-10 14:04:57.596730 | [EvolveLoopError] 'score'
2025-07-10 14:05:01.092548 | [EvolveLoopError] 'score'
2025-07-10 14:05:10.107974 | [EvolveLoopError] 'score'
2025-07-10 14:05:14.051583 | [EvolveLoopError] 'score'
2025-07-10 14:05:18.066012 | [EvolveLoopError] 'score'
2025-07-10 14:05:22.494198 | [EvolveLoopError] 'score'
2025-07-10 14:05:27.081234 | [EvolveLoopError] 'score'
2025-07-10 14:05:30.926906 | [EvolveLoopError] 'score'
2025-07-10 14:05:38.807517 | [EvolveLoopError] 'score'
2025-07-10 14:05:42.415724 | [EvolveLoopError] 'score'
2025-07-10 14:05:45.337632 | [EvolveLoopError] 'score'
2025-07-10 14:05:50.995649 | [EvolveLoopError] 'score'
2025-07-10 14:05:54.648128 | [EvolveLoopError] 'score'
2025-07-10 14:05:57.427115 | [EvolveLoopError] 'score'
2025-07-10 14:06:02.330410 | [EvolveLoopError] 'score'
2025-07-10 14:06:06.119802 | [EvolveLoopError] 'score'
2025-07-10 14:06:08.842458 | [EvolveLoopError] 'score'
2025-07-10 14:06:12.470322 | [EvolveLoopError] 'score'
2025-07-10 14:06:17.296052 | [EvolveLoopError] 'score'
2025-07-10 14:06:24.581788 | [EvolveLoopError] 'score'
2025-07-10 14:06:27.909528 | [EvolveLoopError] 'score'
2025-07-10 14:06:40.165326 | [EvolveLoopError] 'score'
2025-07-10 14:06:45.201535 | [EvolveLoopError] 'score'
2025-07-10 14:06:49.320199 | [EvolveLoopError] 'score'
2025-07-10 14:06:52.240394 | [EvolveLoopError] 'score'
2025-07-10 14:06:55.446454 | [EvolveLoopError] 'score'
2025-07-10 14:06:59.193432 | [EvolveLoopError] 'score'
2025-07-10 14:07:03.209814 | [EvolveLoopError] 'score'
2025-07-10 14:07:08.081467 | [EvolveLoopError] 'score'
2025-07-10 14:07:13.703509 | [EvolveLoopError] 'score'
2025-07-10 22:31:19.040899 | [IntegrateData] Обучен на https://raw.githubusercontent.com/vinta/awesome-python/master/README.md
2025-07-10 22:31:19.552628 | [IntegrateData] Обучен на https://raw.githubusercontent.com/denysdovhan/bash-handbook/master/README.md
2025-07-10 22:31:20.025683 | [IntegrateData] Обучен на https://raw.githubusercontent.com/ossu/computer-science/master/README.md
2025-07-10 22:31:35.103583 | [fetch_data_error] HTTPSConnectionPool(host='medium.com', port=443): Read timed out. (read timeout=14)
2025-07-10 22:31:50.074932 | [fetch_data_error] HTTPSConnectionPool(host='www.bbc.com', port=443): Read timed out. (read timeout=14)
2025-07-10 22:31:52.320825 | [EvolveLoopError] 'score'
2025-07-10 22:32:08.436970 | [fetch_data_error] HTTPSConnectionPool(host='www.bbc.com', port=443): Read timed out. (read timeout=14)
2025-07-10 22:32:10.514137 | [EvolveLoopError] 'score'
2025-07-10 22:32:13.757720 | [EvolveLoopError] 'score'
2025-07-10 22:32:17.605521 | [EvolveLoopError] 'score'
2025-07-10 22:32:21.443891 | [EvolveLoopError] 'score'
2025-07-10 22:32:24.925727 | [EvolveLoopError] 'score'
2025-07-10 22:32:41.061785 | [fetch_data_error] HTTPSConnectionPool(host='medium.com', port=443): Read timed out. (read timeout=14)
2025-07-10 22:32:42.685519 | [EvolveLoopError] 'score'
2025-07-10 22:32:58.810645 | [fetch_data_error] HTTPSConnectionPool(host='medium.com', port=443): Read timed out. (read timeout=14)
2025-07-10 22:32:59.545430 | [EvolveLoopError] 'score'
2025-07-10 22:33:03.145884 | [EvolveLoopError] 'score'
2025-07-10 22:33:06.721518 | [EvolveLoopError] 'score'
2025-07-10 22:33:09.926220 | [EvolveLoopError] 'score'
2025-07-10 22:33:13.019542 | [EvolveLoopError] 'score'
2025-07-10 22:33:29.309156 | [fetch_data_error] HTTPSConnectionPool(host='medium.com', port=443): Read timed out. (read timeout=14)
2025-07-10 22:33:30.168191 | [EvolveLoopError] 'score'
2025-07-10 22:33:33.844112 | [EvolveLoopError] 'score'
2025-07-10 22:33:37.509962 | [EvolveLoopError] 'score'
2025-07-10 22:33:40.542877 | [EvolveLoopError] 'score'
2025-07-10 22:33:43.635825 | [EvolveLoopError] 'score'
2025-07-10 22:33:47.356512 | [EvolveLoopError] 'score'
2025-07-10 22:33:53.834338 | [EvolveLoopError] 'score'
2025-07-10 22:33:56.900233 | [EvolveLoopError] 'score'
2025-07-10 22:34:00.100306 | [EvolveLoopError] 'score'
2025-07-10 22:34:03.861483 | [EvolveLoopError] 'score'
2025-07-10 22:34:07.379931 | [EvolveLoopError] 'score'
2025-07-10 22:34:09.930042 | [EvolveLoopError] 'score'
2025-07-10 22:34:13.870626 | [EvolveLoopError] 'score'
2025-07-10 22:34:17.292199 | [EvolveLoopError] 'score'
2025-07-10 22:34:20.875969 | [EvolveLoopError] 'score'
2025-07-10 22:34:24.338446 | [EvolveLoopError] 'score'
2025-07-10 22:34:27.613653 | [EvolveLoopError] 'score'
2025-07-10 22:34:30.365553 | [EvolveLoopError] 'score'
2025-07-10 22:34:32.981212 | [EvolveLoopError] 'score'
2025-07-10 22:34:36.954055 | [EvolveLoopError] 'score'
2025-07-10 22:34:53.023474 | [fetch_data_error] HTTPSConnectionPool(host='medium.com', port=443): Read timed out. (read timeout=14)
2025-07-10 22:34:54.024101 | [EvolveLoopError] 'score'
2025-07-10 22:34:57.160707 | [EvolveLoopError] 'score'
2025-07-10 22:35:00.699348 | [EvolveLoopError] 'score'
2025-07-10 22:35:04.301179 | [EvolveLoopError] 'score'
2025-07-10 22:35:08.081090 | [EvolveLoopError] 'score'
2025-07-10 22:35:11.259497 | [EvolveLoopError] 'score'
2025-07-10 22:35:16.943498 | [EvolveLoopError] 'score'
2025-07-10 22:35:22.628888 | [EvolveLoopError] 'score'
2025-07-10 22:35:25.475484 | [EvolveLoopError] 'score'
2025-07-10 22:35:28.486486 | [EvolveLoopError] 'score'
2025-07-10 22:35:31.967860 | [EvolveLoopError] 'score'
2025-07-10 22:35:35.335220 | [EvolveLoopError] 'score'
2025-07-10 22:35:37.917905 | [EvolveLoopError] 'score'
2025-07-10 22:35:41.411535 | [EvolveLoopError] 'score'
2025-07-10 22:35:44.125217 | [EvolveLoopError] 'score'
2025-07-10 22:35:47.128488 | [EvolveLoopError] 'score'
2025-07-10 22:35:50.185368 | [EvolveLoopError] 'score'
2025-07-10 22:36:00.063944 | [EvolveLoopError] 'score'
2025-07-10 22:36:03.023537 | [EvolveLoopError] 'score'
2025-07-10 22:36:06.434759 | [EvolveLoopError] 'score'
2025-07-10 22:36:09.165623 | [EvolveLoopError] 'score'
2025-07-10 22:36:25.451221 | [fetch_data_error] HTTPSConnectionPool(host='medium.com', port=443): Read timed out. (read timeout=14)
2025-07-10 22:36:39.935040 | [fetch_data_error] HTTPSConnectionPool(host='medium.com', port=443): Read timed out. (read timeout=14)
2025-07-10 22:36:41.709386 | [EvolveLoopError] 'score'
2025-07-10 22:36:57.823588 | [fetch_data_error] HTTPSConnectionPool(host='medium.com', port=443): Read timed out. (read timeout=14)
2025-07-10 22:36:59.654936 | [EvolveLoopError] 'score'
2025-07-10 22:37:02.170878 | [EvolveLoopError] 'score'
2025-07-10 22:37:18.255276 | [fetch_data_error] HTTPSConnectionPool(host='medium.com', port=443): Read timed out. (read timeout=14)
2025-07-10 22:37:19.612723 | [EvolveLoopError] 'score'
2025-07-10 22:37:23.120307 | [EvolveLoopError] 'score'
2025-07-10 22:37:25.686365 | [EvolveLoopError] 'score'
2025-07-10 22:37:29.010864 | [EvolveLoopError] 'score'
2025-07-10 22:37:32.505957 | [EvolveLoopError] 'score'
2025-07-10 22:37:35.206684 | [EvolveLoopError] 'score'
2025-07-10 22:37:51.663708 | [fetch_data_error] HTTPSConnectionPool(host='www.bbc.com', port=443): Read timed out. (read timeout=14)
2025-07-10 22:37:52.258358 | [EvolveLoopError] 'score'
2025-07-10 22:37:55.581681 | [EvolveLoopError] 'score'
2025-07-10 22:37:58.977966 | [EvolveLoopError] 'score'
2025-07-10 22:38:02.499123 | [EvolveLoopError] 'score'
2025-07-10 22:38:05.103324 | [EvolveLoopError] 'score'
2025-07-10 22:38:08.590677 | [EvolveLoopError] 'score'
2025-07-10 22:38:11.217652 | [EvolveLoopError] 'score'
2025-07-10 22:38:29.004797 | [fetch_data_error] HTTPSConnectionPool(host='realpython.com', port=443): Read timed out.
2025-07-10 22:38:43.147429 | [fetch_data_error] HTTPSConnectionPool(host='www.bbc.com', port=443): Read timed out. (read timeout=14)
2025-07-10 22:38:44.054055 | [EvolveLoopError] 'score'
2025-07-10 22:38:47.246701 | [EvolveLoopError] 'score'
2025-07-10 22:38:51.042966 | [EvolveLoopError] 'score'
2025-07-10 22:39:07.201979 | [fetch_data_error] HTTPSConnectionPool(host='www.bbc.com', port=443): Read timed out. (read timeout=14)
2025-07-10 22:39:07.825410 | [EvolveLoopError] 'score'
2025-07-10 22:39:11.461205 | [EvolveLoopError] 'score'
2025-07-10 22:39:15.079357 | [EvolveLoopError] 'score'
2025-07-10 22:39:17.891240 | [EvolveLoopError] 'score'
2025-07-10 22:39:21.365994 | [EvolveLoopError] 'score'
2025-07-10 22:39:24.317946 | [EvolveLoopError] 'score'
2025-07-10 22:39:27.562082 | [EvolveLoopError] 'score'
2025-07-10 22:39:30.294064 | [EvolveLoopError] 'score'
2025-07-10 22:39:32.986166 | [EvolveLoopError] 'score'
2025-07-10 22:39:36.687462 | [EvolveLoopError] 'score'
2025-07-10 22:39:39.365025 | [EvolveLoopError] 'score'
2025-07-10 22:39:42.065520 | [EvolveLoopError] 'score'
2025-07-10 22:39:46.107890 | [EvolveLoopError] 'score'
2025-07-10 22:39:49.954208 | [EvolveLoopError] 'score'
2025-07-10 22:39:52.727004 | [EvolveLoopError] 'score'
2025-07-10 22:39:55.769619 | [EvolveLoopError] 'score'
2025-07-10 22:39:59.687908 | [EvolveLoopError] 'score'
2025-07-10 22:40:02.363190 | [EvolveLoopError] 'score'
2025-07-10 22:40:04.983173 | [EvolveLoopError] 'score'
2025-07-10 22:40:11.120179 | [EvolveLoopError] 'score'
2025-07-10 22:40:13.823096 | [EvolveLoopError] 'score'
2025-07-10 22:40:16.450552 | [EvolveLoopError] 'score'
2025-07-10 22:40:32.573226 | [fetch_data_error] HTTPSConnectionPool(host='www.bbc.com', port=443): Read timed out. (read timeout=14)
2025-07-10 22:40:33.787566 | [EvolveLoopError] 'score'
2025-07-10 22:40:37.576877 | [EvolveLoopError] 'score'
2025-07-10 22:40:40.182002 | [EvolveLoopError] 'score'
2025-07-10 22:40:42.616021 | [AI] Автоматический backup выполнен.
2025-07-10 22:40:44.087690 | [EvolveLoopError] 'score'
2025-07-10 22:41:00.176575 | [fetch_data_error] HTTPSConnectionPool(host='medium.com', port=443): Read timed out. (read timeout=14)
2025-07-10 22:41:05.464089 | [EvolveLoopError] 'score'
2025-07-10 22:41:08.826165 | [EvolveLoopError] 'score'
2025-07-10 22:41:11.744544 | [EvolveLoopError] 'score'
2025-07-10 22:41:14.891506 | [EvolveLoopError] 'score'
2025-07-10 22:41:18.524969 | [EvolveLoopError] 'score'
2025-07-10 22:41:34.675803 | [fetch_data_error] HTTPSConnectionPool(host='medium.com', port=443): Read timed out. (read timeout=14)
2025-07-10 22:41:36.909574 | [EvolveLoopError] 'score'
2025-07-10 22:41:40.382945 | [EvolveLoopError] 'score'
2025-07-10 22:41:44.403590 | [EvolveLoopError] 'score'
2025-07-10 22:42:00.497086 | [fetch_data_error] HTTPSConnectionPool(host='medium.com', port=443): Read timed out. (read timeout=14)
2025-07-10 22:42:02.069385 | [EvolveLoopError] 'score'
2025-07-10 22:42:05.653190 | [EvolveLoopError] 'score'
2025-07-10 22:42:08.347290 | [EvolveLoopError] 'score'
2025-07-10 22:42:10.984030 | [EvolveLoopError] 'score'
2025-07-10 22:42:13.665687 | [EvolveLoopError] 'score'
2025-07-10 22:42:17.847916 | [EvolveLoopError] 'score'
2025-07-10 22:42:21.357613 | [EvolveLoopError] 'score'
2025-07-10 22:42:24.854603 | [EvolveLoopError] 'score'
2025-07-10 22:42:30.935717 | [EvolveLoopError] 'score'
2025-07-10 22:42:35.382408 | [EvolveLoopError] 'score'
2025-07-10 22:42:38.044054 | [EvolveLoopError] 'score'
2025-07-10 22:42:41.833300 | [EvolveLoopError] 'score'
2025-07-10 22:42:48.066523 | [EvolveLoopError] 'score'
2025-07-10 22:42:51.725593 | [EvolveLoopError] 'score'
2025-07-10 22:42:54.915886 | [EvolveLoopError] 'score'
2025-07-10 22:42:59.334548 | [EvolveLoopError] 'score'
2025-07-10 22:43:02.718639 | [EvolveLoopError] 'score'
2025-07-10 22:43:05.948511 | [EvolveLoopError] 'score'
2025-07-10 22:43:11.704562 | [EvolveLoopError] 'score'
2025-07-10 22:43:15.328246 | [EvolveLoopError] 'score'
2025-07-10 22:43:19.086068 | [EvolveLoopError] 'score'
2025-07-10 22:43:22.749778 | [EvolveLoopError] 'score'
2025-07-10 22:43:39.966555 | [fetch_data_error] HTTPSConnectionPool(host='www.bbc.com', port=443): Read timed out. (read timeout=14)
2025-07-10 22:43:40.651135 | [EvolveLoopError] 'score'
2025-07-10 22:43:44.484380 | [EvolveLoopError] 'score'
2025-07-10 22:43:47.509401 | [EvolveLoopError] 'score'
2025-07-10 22:43:50.043978 | [fetch_data_error] ('Connection aborted.', ConnectionResetError(104, 'Connection reset by peer'))
2025-07-10 22:43:52.085637 | [EvolveLoopError] 'score'
2025-07-10 22:44:08.218172 | [fetch_data_error] HTTPSConnectionPool(host='www.bbc.com', port=443): Read timed out. (read timeout=14)
2025-07-10 22:44:09.712683 | [EvolveLoopError] 'score'
2025-07-10 22:44:11.854430 | [fetch_data_error] ('Connection aborted.', ConnectionResetError(104, 'Connection reset by peer'))
2025-07-10 22:44:13.310287 | [EvolveLoopError] 'score'
2025-07-10 22:44:16.048217 | [EvolveLoopError] 'score'
2025-07-10 22:44:19.804047 | [EvolveLoopError] 'score'
2025-07-10 22:44:23.009724 | [EvolveLoopError] 'score'
2025-07-10 22:44:27.248370 | [EvolveLoopError] 'score'
2025-07-10 22:44:33.029978 | [EvolveLoopError] 'score'
2025-07-10 22:44:37.266457 | [EvolveLoopError] 'score'
2025-07-10 22:44:39.987181 | [EvolveLoopError] 'score'
2025-07-10 22:44:42.998657 | [EvolveLoopError] 'score'
2025-07-10 22:44:45.687219 | [EvolveLoopError] 'score'
2025-07-10 22:44:49.919696 | [EvolveLoopError] 'score'
2025-07-10 22:44:57.855661 | [EvolveLoopError] 'score'
2025-07-10 22:45:01.566862 | [EvolveLoopError] 'score'
2025-07-10 22:45:05.407065 | [EvolveLoopError] 'score'
2025-07-10 22:45:15.085037 | [EvolveLoopError] 'score'
2025-07-10 22:45:19.496825 | [EvolveLoopError] 'score'
2025-07-10 22:45:23.309206 | [EvolveLoopError] 'score'
2025-07-10 22:45:27.172583 | [EvolveLoopError] 'score'
2025-07-10 22:45:31.719874 | [EvolveLoopError] 'score'
2025-07-10 22:45:34.703546 | [EvolveLoopError] 'score'
2025-07-10 22:45:38.786670 | [EvolveLoopError] 'score'
2025-07-10 22:45:41.423520 | [EvolveLoopError] 'score'
2025-07-10 22:45:42.634973 | [AI] Автообновление ключевых знаний.
2025-07-10 22:45:45.094167 | [EvolveLoopError] 'score'
2025-07-10 22:46:16.235968 | [EvolveLoopError] 'score'
2025-07-10 22:46:19.830162 | [EvolveLoopError] 'score'
2025-07-10 22:46:23.545246 | [EvolveLoopError] 'score'
2025-07-10 22:46:27.026787 | [EvolveLoopError] 'score'
2025-07-10 22:46:29.746501 | [EvolveLoopError] 'score'
2025-07-10 22:46:34.754621 | [EvolveLoopError] 'score'
2025-07-10 22:46:38.292151 | [EvolveLoopError] 'score'
2025-07-10 22:46:54.417217 | [fetch_data_error] HTTPSConnectionPool(host='www.bbc.com', port=443): Read timed out. (read timeout=14)
2025-07-10 22:46:56.231540 | [EvolveLoopError] 'score'
2025-07-10 22:47:13.243107 | [fetch_data_error] HTTPSConnectionPool(host='www.bbc.com', port=443): Read timed out. (read timeout=14)
2025-07-10 22:47:27.528464 | [fetch_data_error] HTTPSConnectionPool(host='medium.com', port=443): Read timed out. (read timeout=14)
2025-07-10 22:47:29.343903 | [EvolveLoopError] 'score'
2025-07-10 22:47:45.383428 | [fetch_data_error] HTTPSConnectionPool(host='github.com', port=443): Max retries exceeded with url: /topics/python (Caused by ConnectTimeoutError(<urllib3.connection.HTTPSConnection object at 0x7712e12060>, 'Connection to github.com timed out. (connect timeout=14)'))
2025-07-10 22:47:59.407604 | [fetch_data_error] HTTPSConnectionPool(host='www.bbc.com', port=443): Max retries exceeded with url: /news (Caused by ConnectTimeoutError(<urllib3.connection.HTTPSConnection object at 0x77088fb260>, 'Connection to www.bbc.com timed out. (connect timeout=14)'))
2025-07-10 22:48:00.425132 | [EvolveLoopError] 'score'
2025-07-10 22:48:04.615930 | [EvolveLoopError] 'score'
2025-07-10 22:48:21.359636 | [fetch_data_error] HTTPSConnectionPool(host='www.bbc.com', port=443): Read timed out. (read timeout=14)
2025-07-10 22:48:22.820338 | [EvolveLoopError] 'score'
2025-07-10 22:48:31.514730 | [EvolveLoopError] 'score'
2025-07-10 22:48:35.402164 | [EvolveLoopError] 'score'
2025-07-10 22:48:44.401864 | [EvolveLoopError] 'score'
2025-07-10 22:48:52.460246 | [EvolveLoopError] 'score'
2025-07-10 22:49:02.977431 | [EvolveLoopError] 'score'
2025-07-10 22:49:08.442411 | [EvolveLoopError] 'score'
2025-07-10 22:49:12.349068 | [EvolveLoopError] 'score'
2025-07-10 22:49:16.431604 | [EvolveLoopError] 'score'
2025-07-10 22:49:20.562480 | [EvolveLoopError] 'score'
2025-07-10 22:49:25.839513 | [EvolveLoopError] 'score'
2025-07-10 22:49:29.017350 | [EvolveLoopError] 'score'
2025-07-10 22:49:34.303599 | [EvolveLoopError] 'score'
2025-07-10 22:49:37.270682 | [EvolveLoopError] 'score'
2025-07-10 22:49:40.979652 | [EvolveLoopError] 'score'
2025-07-10 22:49:43.818195 | [EvolveLoopError] 'score'
2025-07-10 22:49:47.044851 | [EvolveLoopError] 'score'
2025-07-10 22:49:51.281095 | [EvolveLoopError] 'score'
2025-07-10 22:49:55.986742 | [EvolveLoopError] 'score'
2025-07-10 22:50:12.248199 | [fetch_data_error] HTTPSConnectionPool(host='www.bbc.com', port=443): Read timed out. (read timeout=14)
2025-07-10 22:50:12.984003 | [EvolveLoopError] 'score'
2025-07-10 22:50:16.096470 | [EvolveLoopError] 'score'
2025-07-10 22:50:19.949775 | [EvolveLoopError] 'score'
2025-07-10 22:50:23.559487 | [EvolveLoopError] 'score'
2025-07-10 22:50:25.785042 | [fetch_data_error] ('Connection aborted.', ConnectionResetError(104, 'Connection reset by peer'))
2025-07-10 22:50:25.938245 | [fetch_data_error] ('Connection aborted.', ConnectionResetError(104, 'Connection reset by peer'))
2025-07-10 22:50:27.350714 | [EvolveLoopError] 'score'
2025-07-10 22:50:30.157491 | [EvolveLoopError] 'score'
2025-07-10 22:50:33.015182 | [fetch_data_error] ('Connection aborted.', ConnectionResetError(104, 'Connection reset by peer'))
2025-07-10 22:50:34.449940 | [EvolveLoopError] 'score'
2025-07-10 22:50:38.797652 | [EvolveLoopError] 'score'
2025-07-10 22:50:42.932124 | [AI] Автоматический backup выполнен.
2025-07-10 22:50:45.213914 | [EvolveLoopError] 'score'
2025-07-10 22:51:01.494158 | [fetch_data_error] HTTPSConnectionPool(host='www.bbc.com', port=443): Read timed out. (read timeout=14)
2025-07-10 22:51:03.519675 | [EvolveLoopError] 'score'
2025-07-10 22:51:26.886661 | [fetch_data_error] HTTPSConnectionPool(host='www.bbc.com', port=443): Read timed out. (read timeout=14)
2025-07-10 22:51:28.821475 | [EvolveLoopError] 'score'
2025-07-10 22:51:32.544339 | [EvolveLoopError] 'score'
2025-07-10 22:51:35.676409 | [EvolveLoopError] 'score'
2025-07-10 22:51:39.061700 | [EvolveLoopError] 'score'
2025-07-10 22:51:45.161395 | [EvolveLoopError] 'score'
2025-07-10 22:51:50.639907 | [EvolveLoopError] 'score'
2025-07-10 22:51:54.901103 | [EvolveLoopError] 'score'
2025-07-10 22:51:58.090414 | [EvolveLoopError] 'score'
2025-07-10 22:52:02.140465 | [EvolveLoopError] 'score'
2025-07-10 22:52:05.672231 | [EvolveLoopError] 'score'
2025-07-10 22:52:09.503867 | [EvolveLoopError] 'score'
2025-07-10 22:52:14.204473 | [EvolveLoopError] 'score'
2025-07-10 22:52:17.724446 | [EvolveLoopError] 'score'
2025-07-10 22:52:21.761790 | [EvolveLoopError] 'score'
2025-07-10 22:52:26.820785 | [EvolveLoopError] 'score'
2025-07-10 22:52:30.699925 | [EvolveLoopError] 'score'
2025-07-10 22:52:34.299606 | [EvolveLoopError] 'score'
2025-07-10 22:52:37.638816 | [EvolveLoopError] 'score'
2025-07-10 22:52:45.588459 | [EvolveLoopError] 'score'
2025-07-10 22:52:49.404071 | [EvolveLoopError] 'score'
2025-07-10 22:52:52.762428 | [EvolveLoopError] 'score'
2025-07-10 22:52:56.540486 | [EvolveLoopError] 'score'
2025-07-10 22:53:03.331623 | [fetch_data_error] ('Connection aborted.', ConnectionResetError(104, 'Connection reset by peer'))
2025-07-10 22:53:17.465108 | [fetch_data_error] HTTPSConnectionPool(host='www.bbc.com', port=443): Read timed out. (read timeout=14)
2025-07-10 22:53:19.652493 | [EvolveLoopError] 'score'
2025-07-10 22:53:23.444119 | [EvolveLoopError] 'score'
2025-07-10 22:53:26.660026 | [EvolveLoopError] 'score'
2025-07-10 22:53:30.482352 | [EvolveLoopError] 'score'
2025-07-10 22:53:33.555513 | [EvolveLoopError] 'score'
2025-07-10 22:53:37.241562 | [EvolveLoopError] 'score'
2025-07-10 22:53:41.140614 | [EvolveLoopError] 'score'
2025-07-10 22:53:44.465106 | [EvolveLoopError] 'score'
2025-07-10 22:53:48.560162 | [EvolveLoopError] 'score'
2025-07-10 22:53:52.501227 | [EvolveLoopError] 'score'
2025-07-10 22:53:56.692850 | [EvolveLoopError] 'score'
2025-07-10 22:54:01.604103 | [EvolveLoopError] 'score'
2025-07-10 22:54:04.779522 | [EvolveLoopError] 'score'
2025-07-10 22:54:07.939932 | [EvolveLoopError] 'score'
2025-07-10 22:54:11.861970 | [EvolveLoopError] 'score'
2025-07-10 22:54:15.001688 | [EvolveLoopError] 'score'
2025-07-10 22:54:18.963369 | [EvolveLoopError] 'score'
2025-07-10 22:54:22.226927 | [EvolveLoopError] 'score'
2025-07-10 22:54:26.049629 | [EvolveLoopError] 'score'
2025-07-10 22:54:29.140657 | [EvolveLoopError] 'score'
2025-07-10 22:54:31.337247 | [fetch_data_error] ('Connection aborted.', ConnectionResetError(104, 'Connection reset by peer'))
2025-07-10 22:54:32.250532 | [EvolveLoopError] 'score'
2025-07-10 22:54:34.471706 | [fetch_data_error] ('Connection aborted.', ConnectionResetError(104, 'Connection reset by peer'))
2025-07-10 22:54:36.244606 | [EvolveLoopError] 'score'
2025-07-10 22:55:23.900532 | [EvolveLoopError] 'score'
2025-07-10 22:55:27.912030 | [EvolveLoopError] 'score'
2025-07-10 22:55:33.763622 | [EvolveLoopError] 'score'
2025-07-10 22:55:37.275561 | [EvolveLoopError] 'score'
2025-07-10 22:55:40.835360 | [EvolveLoopError] 'score'
2025-07-10 22:55:50.613598 | [EvolveLoopError] 'score'
2025-07-10 22:55:53.460552 | [EvolveLoopError] 'score'
2025-07-10 22:55:56.198380 | [EvolveLoopError] 'score'
2025-07-10 22:55:59.316127 | [EvolveLoopError] 'score'
2025-07-10 22:56:02.825179 | [EvolveLoopError] 'score'
2025-07-10 22:56:18.941840 | [fetch_data_error] HTTPSConnectionPool(host='medium.com', port=443): Read timed out. (read timeout=14)
2025-07-10 22:56:20.861179 | [EvolveLoopError] 'score'
2025-07-10 22:56:23.602400 | [EvolveLoopError] 'score'
2025-07-10 22:56:27.122864 | [EvolveLoopError] 'score'
2025-07-10 22:56:30.668399 | [EvolveLoopError] 'score'
2025-07-10 22:56:33.556506 | [EvolveLoopError] 'score'
2025-07-10 22:56:37.190639 | [EvolveLoopError] 'score'
2025-07-10 22:56:39.969340 | [EvolveLoopError] 'score'
2025-07-10 22:56:43.886036 | [EvolveLoopError] 'score'
2025-07-10 22:56:47.461526 | [EvolveLoopError] 'score'
2025-07-10 22:56:51.257006 | [EvolveLoopError] 'score'
2025-07-10 22:56:55.019751 | [EvolveLoopError] 'score'
2025-07-10 22:56:59.063833 | [EvolveLoopError] 'score'
2025-07-10 22:57:02.503094 | [EvolveLoopError] 'score'
2025-07-10 22:57:05.186954 | [EvolveLoopError] 'score'
2025-07-10 22:57:21.619967 | [fetch_data_error] HTTPSConnectionPool(host='www.bbc.com', port=443): Read timed out. (read timeout=14)
2025-07-10 22:57:22.301431 | [EvolveLoopError] 'score'
2025-07-10 22:57:25.753359 | [EvolveLoopError] 'score'
2025-07-10 22:57:29.262531 | [EvolveLoopError] 'score'
2025-07-10 22:57:33.107498 | [EvolveLoopError] 'score'
2025-07-10 22:57:36.624249 | [EvolveLoopError] 'score'
2025-07-10 22:57:40.441252 | [EvolveLoopError] 'score'
2025-07-10 22:57:56.622851 | [fetch_data_error] HTTPSConnectionPool(host='medium.com', port=443): Read timed out. (read timeout=14)
2025-07-10 22:57:58.360336 | [EvolveLoopError] 'score'
2025-07-10 22:58:02.283689 | [EvolveLoopError] 'score'
2025-07-10 22:58:05.139024 | [EvolveLoopError] 'score'
2025-07-10 22:58:08.416621 | [EvolveLoopError] 'score'
2025-07-10 22:58:12.640983 | [EvolveLoopError] 'score'
2025-07-10 22:58:15.341206 | [EvolveLoopError] 'score'
2025-07-10 22:58:20.401630 | [EvolveLoopError] 'score'
2025-07-10 22:58:23.941386 | [EvolveLoopError] 'score'
2025-07-10 22:58:27.469076 | [EvolveLoopError] 'score'
2025-07-10 22:58:31.022078 | [EvolveLoopError] 'score'
2025-07-10 22:58:34.076903 | [EvolveLoopError] 'score'
2025-07-10 22:58:37.200740 | [EvolveLoopError] 'score'
2025-07-10 22:58:39.920957 | [EvolveLoopError] 'score'
2025-07-10 22:58:43.259380 | [EvolveLoopError] 'score'
2025-07-10 22:58:47.079541 | [EvolveLoopError] 'score'
2025-07-10 22:58:50.404448 | [EvolveLoopError] 'score'
2025-07-10 22:58:53.193388 | [EvolveLoopError] 'score'
2025-07-10 22:58:55.900959 | [EvolveLoopError] 'score'
2025-07-10 22:58:59.543408 | [EvolveLoopError] 'score'
2025-07-10 22:59:02.811026 | [EvolveLoopError] 'score'
2025-07-10 22:59:05.825902 | [EvolveLoopError] 'score'
2025-07-10 22:59:08.639572 | [EvolveLoopError] 'score'
2025-07-10 22:59:11.324554 | [EvolveLoopError] 'score'
2025-07-10 22:59:14.155106 | [EvolveLoopError] 'score'
2025-07-10 22:59:33.316198 | [fetch_data_error] HTTPSConnectionPool(host='medium.com', port=443): Read timed out. (read timeout=14)
2025-07-10 22:59:53.811568 | [fetch_data_error] HTTPSConnectionPool(host='www.bbc.com', port=443): Read timed out. (read timeout=14)
2025-07-10 22:59:55.458604 | [EvolveLoopError] 'score'
2025-07-10 22:59:58.582205 | [EvolveLoopError] 'score'
2025-07-10 23:00:01.630723 | [EvolveLoopError] 'score'
2025-07-10 23:00:05.477348 | [EvolveLoopError] 'score'
2025-07-10 23:00:09.595875 | [EvolveLoopError] 'score'
2025-07-10 23:00:14.021992 | [EvolveLoopError] 'score'
2025-07-10 23:00:17.098664 | [EvolveLoopError] 'score'
2025-07-10 23:00:20.111513 | [EvolveLoopError] 'score'
2025-07-10 23:00:23.621108 | [EvolveLoopError] 'score'
2025-07-10 23:00:26.301580 | [EvolveLoopError] 'score'
2025-07-10 23:00:42.414145 | [fetch_data_error] HTTPSConnectionPool(host='medium.com', port=443): Read timed out. (read timeout=14)
2025-07-10 23:00:42.651970 | [AutoDiag] {"epoch": 413, "best_score": 17353.8209701982, "skills": ["python:11319", "data:9434", "ai:4128", "web:2148", "blockchain:1738", "react:1674", "javascript:1567", "security:1098", "html:837", "network:632"], "trends": ["python:4850", "builder:4704", "button:4476", "learning:3798", "github:3693", "search:3690", "updated:3498", "issues:3322", "requests:3177", "border:2752"], "projects": ["project", "into", "deep-learning", "data-science", "search?q=programming+latest"], "examples": 0, "memory_docs": 850, "tests_passed": 0, "tests_total": 0}
2025-07-10 23:00:43.588702 | [EvolveLoopError] 'score'
2025-07-10 23:00:43.709424 | [AI] Автообновление ключевых знаний.
2025-07-10 23:00:43.728397 | [AI] Автоматический backup выполнен.
2025-07-10 23:00:47.310851 | [EvolveLoopError] 'score'
2025-07-10 23:00:50.059344 | [EvolveLoopError] 'score'
2025-07-10 23:00:53.147039 | [EvolveLoopError] 'score'
2025-07-10 23:01:09.260790 | [fetch_data_error] HTTPSConnectionPool(host='medium.com', port=443): Read timed out. (read timeout=14)
2025-07-10 23:01:11.096462 | [EvolveLoopError] 'score'
2025-07-10 23:01:14.862911 | [EvolveLoopError] 'score'
2025-07-10 23:01:32.154442 | [EvolveLoopError] 'score'
2025-07-10 23:01:36.341114 | [EvolveLoopError] 'score'
2025-07-10 23:02:06.473821 | [fetch_data_error] HTTPSConnectionPool(host='medium.com', port=443): Read timed out. (read timeout=14)
2025-07-10 23:02:08.102454 | [EvolveLoopError] 'score'
2025-07-10 23:02:12.877158 | [EvolveLoopError] 'score'
2025-07-10 23:02:16.581130 | [EvolveLoopError] 'score'
2025-07-10 23:02:20.848909 | [EvolveLoopError] 'score'
2025-07-10 23:02:36.995701 | [fetch_data_error] HTTPSConnectionPool(host='medium.com', port=443): Read timed out. (read timeout=14)
2025-07-10 23:02:51.255632 | [fetch_data_error] HTTPSConnectionPool(host='www.bbc.com', port=443): Read timed out. (read timeout=14)
2025-07-10 23:02:52.740539 | [EvolveLoopError] 'score'
2025-07-10 23:02:56.299297 | [EvolveLoopError] 'score'
2025-07-10 23:02:58.918699 | [EvolveLoopError] 'score'
2025-07-10 23:03:02.561339 | [EvolveLoopError] 'score'
2025-07-10 23:03:05.378724 | [EvolveLoopError] 'score'
2025-07-10 23:03:08.099549 | [EvolveLoopError] 'score'
2025-07-10 23:03:24.334239 | [fetch_data_error] HTTPSConnectionPool(host='www.bbc.com', port=443): Read timed out. (read timeout=14)
2025-07-10 23:03:26.150322 | [EvolveLoopError] 'score'
2025-07-10 23:03:30.641064 | [EvolveLoopError] 'score'
2025-07-10 23:03:46.886501 | [fetch_data_error] HTTPSConnectionPool(host='realpython.com', port=443): Read timed out. (read timeout=14)
2025-07-10 23:04:00.983376 | [fetch_data_error] HTTPSConnectionPool(host='medium.com', port=443): Read timed out. (read timeout=14)
2025-07-10 23:04:04.762666 | [EvolveLoopError] 'score'
2025-07-10 23:04:08.298737 | [EvolveLoopError] 'score'
2025-07-10 23:04:11.740214 | [EvolveLoopError] 'score'
2025-07-10 23:04:15.742255 | [EvolveLoopError] 'score'
2025-07-10 23:04:18.457041 | [EvolveLoopError] 'score'
2025-07-10 23:04:34.651991 | [fetch_data_error] HTTPSConnectionPool(host='www.bbc.com', port=443): Read timed out. (read timeout=14)
2025-07-10 23:04:36.539657 | [EvolveLoopError] 'score'
2025-07-10 23:04:40.000716 | [EvolveLoopError] 'score'
2025-07-10 23:04:43.515496 | [EvolveLoopError] 'score'
2025-07-10 23:04:47.719679 | [EvolveLoopError] 'score'
2025-07-10 23:04:50.500007 | [EvolveLoopError] 'score'
2025-07-10 23:04:54.020372 | [EvolveLoopError] 'score'
2025-07-10 23:04:57.676090 | [EvolveLoopError] 'score'
2025-07-10 23:05:00.578691 | [EvolveLoopError] 'score'
2025-07-10 23:05:04.607909 | [EvolveLoopError] 'score'
2025-07-10 23:05:07.620652 | [EvolveLoopError] 'score'
2025-07-10 23:05:12.383393 | [EvolveLoopError] 'score'
2025-07-10 23:05:15.082908 | [EvolveLoopError] 'score'
2025-07-10 23:05:18.131227 | [EvolveLoopError] 'score'
2025-07-10 23:05:23.261017 | [fetch_data_error] ('Connection aborted.', ConnectionResetError(104, 'Connection reset by peer'))
2025-07-10 23:05:23.957342 | [EvolveLoopError] 'score'
2025-07-10 23:05:40.073377 | [fetch_data_error] HTTPSConnectionPool(host='medium.com', port=443): Read timed out. (read timeout=14)
2025-07-10 23:06:00.926593 | [fetch_data_error] HTTPSConnectionPool(host='www.bbc.com', port=443): Read timed out. (read timeout=14)
2025-07-10 23:06:15.032535 | [fetch_data_error] HTTPSConnectionPool(host='www.bbc.com', port=443): Read timed out. (read timeout=14)
2025-07-10 23:06:15.788248 | [EvolveLoopError] 'score'
2025-07-10 23:06:19.466622 | [EvolveLoopError] 'score'
2025-07-10 23:06:35.610373 | [fetch_data_error] HTTPSConnectionPool(host='www.bbc.com', port=443): Read timed out. (read timeout=14)
2025-07-10 23:06:37.358890 | [EvolveLoopError] 'score'
2025-07-10 23:06:40.457910 | [EvolveLoopError] 'score'
2025-07-10 23:06:44.119072 | [EvolveLoopError] 'score'
2025-07-10 23:06:46.779182 | [EvolveLoopError] 'score'
2025-07-10 23:07:02.902481 | [fetch_data_error] HTTPSConnectionPool(host='medium.com', port=443): Read timed out. (read timeout=14)
2025-07-10 23:07:04.004984 | [EvolveLoopError] 'score'
2025-07-10 23:07:07.212534 | [EvolveLoopError] 'score'
2025-07-10 23:07:10.191832 | [EvolveLoopError] 'score'
2025-07-10 23:07:26.342317 | [fetch_data_error] HTTPSConnectionPool(host='medium.com', port=443): Read timed out. (read timeout=14)
2025-07-10 23:07:27.834035 | [EvolveLoopError] 'score'
2025-07-10 23:07:31.198856 | [EvolveLoopError] 'score'
2025-07-10 23:07:37.924081 | [EvolveLoopError] 'score'
2025-07-10 23:07:41.046684 | [EvolveLoopError] 'score'
2025-07-10 23:07:44.630378 | [EvolveLoopError] 'score'
2025-07-10 23:08:03.165099 | [fetch_data_error] HTTPSConnectionPool(host='www.bbc.com', port=443): Read timed out. (read timeout=14)
2025-07-10 23:08:04.878088 | [EvolveLoopError] 'score'
2025-07-10 23:08:07.680602 | [EvolveLoopError] 'score'
2025-07-10 23:08:11.570531 | [EvolveLoopError] 'score'
2025-07-10 23:08:29.255985 | [EvolveLoopError] 'score'
2025-07-10 23:08:32.313469 | [EvolveLoopError] 'score'
2025-07-10 23:08:49.606662 | [EvolveLoopError] 'score'
2025-07-10 23:08:53.081248 | [EvolveLoopError] 'score'
2025-07-10 23:08:57.040238 | [EvolveLoopError] 'score'
2025-07-10 23:09:00.782899 | [EvolveLoopError] 'score'
2025-07-10 23:09:05.596872 | [EvolveLoopError] 'score'
2025-07-10 23:09:08.411340 | [EvolveLoopError] 'score'
2025-07-10 23:09:12.327530 | [EvolveLoopError] 'score'
2025-07-10 23:09:28.430168 | [fetch_data_error] HTTPSConnectionPool(host='medium.com', port=443): Read timed out. (read timeout=14)
2025-07-10 23:09:31.524729 | [EvolveLoopError] 'score'
2025-07-10 23:09:35.342781 | [EvolveLoopError] 'score'
2025-07-10 23:09:38.023959 | [EvolveLoopError] 'score'
2025-07-10 23:09:40.761413 | [EvolveLoopError] 'score'
2025-07-10 23:09:45.430316 | [EvolveLoopError] 'score'
2025-07-10 23:09:49.102058 | [EvolveLoopError] 'score'
2025-07-10 23:09:52.659878 | [EvolveLoopError] 'score'
2025-07-10 23:09:56.931463 | [EvolveLoopError] 'score'
2025-07-10 23:10:00.702183 | [EvolveLoopError] 'score'
2025-07-10 23:10:03.935357 | [EvolveLoopError] 'score'
2025-07-10 23:10:06.742839 | [EvolveLoopError] 'score'
2025-07-10 23:10:09.955600 | [EvolveLoopError] 'score'
2025-07-10 23:10:12.769922 | [EvolveLoopError] 'score'
2025-07-10 23:10:15.811577 | [EvolveLoopError] 'score'
2025-07-10 23:10:18.538629 | [EvolveLoopError] 'score'
2025-07-10 23:10:22.420397 | [EvolveLoopError] 'score'
2025-07-10 23:10:26.227155 | [EvolveLoopError] 'score'
2025-07-10 23:10:30.102407 | [EvolveLoopError] 'score'
2025-07-10 23:10:35.530887 | [EvolveLoopError] 'score'
2025-07-10 23:10:39.440334 | [EvolveLoopError] 'score'
2025-07-10 23:10:44.196786 | [EvolveLoopError] 'score'
2025-07-10 23:10:44.326980 | [AI] Автоматический backup выполнен.
2025-07-10 23:11:01.404183 | [fetch_data_error] HTTPSConnectionPool(host='www.bbc.com', port=443): Read timed out. (read timeout=14)
2025-07-10 23:11:02.699020 | [EvolveLoopError] 'score'
2025-07-10 23:11:07.628631 | [EvolveLoopError] 'score'
2025-07-10 23:11:19.822804 | [EvolveLoopError] 'score'
2025-07-10 23:11:43.930190 | [EvolveLoopError] 'score'
2025-07-10 23:11:47.925896 | [EvolveLoopError] 'score'
2025-07-10 23:11:51.662700 | [EvolveLoopError] 'score'
2025-07-10 23:12:09.189537 | [fetch_data_error] HTTPSConnectionPool(host='www.bbc.com', port=443): Read timed out. (read timeout=14)
2025-07-10 23:12:10.037208 | [EvolveLoopError] 'score'
2025-07-10 23:12:26.163112 | [fetch_data_error] HTTPSConnectionPool(host='www.bbc.com', port=443): Read timed out. (read timeout=14)
2025-07-10 23:12:27.792629 | [EvolveLoopError] 'score'
2025-07-10 23:12:43.927209 | [fetch_data_error] HTTPSConnectionPool(host='www.bbc.com', port=443): Read timed out. (read timeout=14)
2025-07-10 23:12:44.608227 | [EvolveLoopError] 'score'
2025-07-10 23:12:50.207660 | [EvolveLoopError] 'score'
2025-07-10 23:12:53.001319 | [EvolveLoopError] 'score'
2025-07-10 23:12:57.276722 | [EvolveLoopError] 'score'
2025-07-10 23:13:00.327278 | [EvolveLoopError] 'score'
2025-07-10 23:13:04.267679 | [EvolveLoopError] 'score'
2025-07-10 23:13:06.954084 | [EvolveLoopError] 'score'
2025-07-10 23:13:10.790781 | [EvolveLoopError] 'score'
2025-07-10 23:13:16.500610 | [EvolveLoopError] 'score'
2025-07-10 23:13:22.485406 | [EvolveLoopError] 'score'
2025-07-10 23:13:26.118177 | [EvolveLoopError] 'score'
2025-07-10 23:13:29.663545 | [EvolveLoopError] 'score'
2025-07-10 23:13:32.569986 | [EvolveLoopError] 'score'
2025-07-10 23:13:35.564451 | [EvolveLoopError] 'score'
2025-07-10 23:13:39.490100 | [EvolveLoopError] 'score'
2025-07-10 23:13:56.676084 | [fetch_data_error] HTTPSConnectionPool(host='www.bbc.com', port=443): Read timed out. (read timeout=14)
2025-07-10 23:13:58.397455 | [EvolveLoopError] 'score'
2025-07-10 23:14:01.693020 | [EvolveLoopError] 'score'
2025-07-10 23:14:06.303894 | [EvolveLoopError] 'score'
2025-07-10 23:14:22.423995 | [fetch_data_error] HTTPSConnectionPool(host='www.bbc.com', port=443): Read timed out. (read timeout=14)
2025-07-10 23:14:36.598113 | [fetch_data_error] HTTPSConnectionPool(host='www.bbc.com', port=443): Read timed out. (read timeout=14)
2025-07-10 23:14:39.371617 | [EvolveLoopError] 'score'
2025-07-10 23:14:42.439754 | [EvolveLoopError] 'score'
2025-07-10 23:14:45.444461 | [EvolveLoopError] 'score'
2025-07-10 23:14:49.460360 | [EvolveLoopError] 'score'
2025-07-10 23:14:51.738250 | [fetch_data_error] ('Connection aborted.', ConnectionResetError(104, 'Connection reset by peer'))
2025-07-10 23:14:53.314597 | [EvolveLoopError] 'score'
2025-07-10 23:14:56.094789 | [EvolveLoopError] 'score'
2025-07-10 23:15:00.441751 | [EvolveLoopError] 'score'
2025-07-10 23:15:16.580352 | [fetch_data_error] HTTPSConnectionPool(host='www.bbc.com', port=443): Read timed out. (read timeout=14)
2025-07-10 23:15:19.536810 | [EvolveLoopError] 'score'
2025-07-10 23:15:22.892830 | [EvolveLoopError] 'score'
2025-07-10 23:15:26.426384 | [EvolveLoopError] 'score'
2025-07-10 23:15:30.429397 | [EvolveLoopError] 'score'
2025-07-10 23:15:33.605698 | [EvolveLoopError] 'score'
2025-07-10 23:15:36.557340 | [EvolveLoopError] 'score'
2025-07-10 23:15:40.264990 | [EvolveLoopError] 'score'
2025-07-10 23:15:44.080171 | [AI] Автообновление ключевых знаний.
2025-07-10 23:15:44.388815 | [EvolveLoopError] 'score'
2025-07-10 23:15:48.501109 | [EvolveLoopError] 'score'
2025-07-10 23:15:51.843749 | [EvolveLoopError] 'score'
2025-07-10 23:15:56.787414 | [EvolveLoopError] 'score'
2025-07-10 23:16:01.101945 | [EvolveLoopError] 'score'
2025-07-10 23:16:08.363102 | [EvolveLoopError] 'score'
2025-07-10 23:16:11.538105 | [EvolveLoopError] 'score'
2025-07-10 23:16:15.023085 | [EvolveLoopError] 'score'
2025-07-10 23:16:18.157318 | [EvolveLoopError] 'score'
2025-07-10 23:16:22.798175 | [EvolveLoopError] 'score'
2025-07-10 23:16:28.441910 | [EvolveLoopError] 'score'
2025-07-10 23:16:40.411791 | [EvolveLoopError] 'score'
2025-07-10 23:16:43.555497 | [EvolveLoopError] 'score'
2025-07-10 23:16:46.738945 | [EvolveLoopError] 'score'
2025-07-10 23:16:50.055007 | [EvolveLoopError] 'score'
2025-07-10 23:16:53.944436 | [EvolveLoopError] 'score'
2025-07-10 23:16:57.382123 | [EvolveLoopError] 'score'
2025-07-10 23:17:00.907781 | [EvolveLoopError] 'score'
2025-07-10 23:17:04.375418 | [EvolveLoopError] 'score'
2025-07-10 23:17:08.320284 | [EvolveLoopError] 'score'
2025-07-10 23:17:11.379110 | [EvolveLoopError] 'score'
2025-07-10 23:17:15.402260 | [EvolveLoopError] 'score'
2025-07-10 23:17:19.540445 | [EvolveLoopError] 'score'
2025-07-10 23:17:22.562992 | [EvolveLoopError] 'score'
2025-07-10 23:17:25.538165 | [EvolveLoopError] 'score'
2025-07-10 23:17:32.033745 | [EvolveLoopError] 'score'
2025-07-10 23:17:35.993600 | [EvolveLoopError] 'score'
2025-07-10 23:17:39.705319 | [EvolveLoopError] 'score'
2025-07-10 23:17:43.700327 | [EvolveLoopError] 'score'
2025-07-10 23:17:47.638336 | [EvolveLoopError] 'score'
2025-07-10 23:17:54.262643 | [EvolveLoopError] 'score'
2025-07-10 23:18:10.600297 | [fetch_data_error] HTTPSConnectionPool(host='www.bbc.com', port=443): Read timed out. (read timeout=14)
2025-07-10 23:18:13.340389 | [EvolveLoopError] 'score'
2025-07-10 23:18:17.854408 | [EvolveLoopError] 'score'
2025-07-10 23:18:20.168565 | [fetch_data_error] ('Connection aborted.', ConnectionResetError(104, 'Connection reset by peer'))
2025-07-10 23:18:21.850917 | [EvolveLoopError] 'score'
2025-07-10 23:18:25.649016 | [EvolveLoopError] 'score'
2025-07-10 23:18:42.447912 | [fetch_data_error] HTTPSConnectionPool(host='medium.com', port=443): Read timed out. (read timeout=14)
2025-07-10 23:18:45.115532 | [EvolveLoopError] 'score'
2025-07-10 23:18:48.470473 | [EvolveLoopError] 'score'
2025-07-10 23:18:52.254025 | [EvolveLoopError] 'score'
2025-07-10 23:18:55.789081 | [EvolveLoopError] 'score'
2025-07-10 23:18:59.180281 | [EvolveLoopError] 'score'
2025-07-10 23:19:02.132976 | [EvolveLoopError] 'score'
2025-07-10 23:19:05.947251 | [EvolveLoopError] 'score'
2025-07-10 23:19:09.078009 | [EvolveLoopError] 'score'
2025-07-10 23:19:12.224165 | [EvolveLoopError] 'score'
2025-07-10 23:19:29.499993 | [fetch_data_error] HTTPSConnectionPool(host='realpython.com', port=443): Read timed out.
2025-07-10 23:19:30.943702 | [EvolveLoopError] 'score'
2025-07-10 23:19:33.584814 | [EvolveLoopError] 'score'
2025-07-10 23:19:36.207584 | [EvolveLoopError] 'score'
2025-07-10 23:19:39.556293 | [EvolveLoopError] 'score'
2025-07-10 23:19:43.030208 | [EvolveLoopError] 'score'
2025-07-10 23:19:46.086684 | [EvolveLoopError] 'score'
2025-07-10 23:19:48.933757 | [EvolveLoopError] 'score'
2025-07-10 23:19:52.530319 | [EvolveLoopError] 'score'
2025-07-10 23:19:56.885368 | [EvolveLoopError] 'score'
2025-07-10 23:19:59.868918 | [EvolveLoopError] 'score'
2025-07-10 23:20:03.918343 | [EvolveLoopError] 'score'
2025-07-10 23:20:07.823480 | [EvolveLoopError] 'score'
2025-07-10 23:20:11.236110 | [EvolveLoopError] 'score'
2025-07-10 23:20:14.834983 | [EvolveLoopError] 'score'
2025-07-10 23:20:17.808939 | [EvolveLoopError] 'score'
2025-07-10 23:20:20.537222 | [EvolveLoopError] 'score'
2025-07-10 23:20:33.134700 | [EvolveLoopError] 'score'
2025-07-10 23:20:36.539618 | [EvolveLoopError] 'score'
2025-07-10 23:20:40.459112 | [EvolveLoopError] 'score'
2025-07-10 23:20:43.180356 | [EvolveLoopError] 'score'
2025-07-10 23:20:44.757853 | [AI] Автоматический backup выполнен.
2025-07-10 23:20:46.817997 | [EvolveLoopError] 'score'
2025-07-10 23:20:51.348627 | [EvolveLoopError] 'score'
2025-07-10 23:20:54.073151 | [EvolveLoopError] 'score'
2025-07-10 23:20:56.826069 | [EvolveLoopError] 'score'
2025-07-10 23:21:12.965463 | [fetch_data_error] HTTPSConnectionPool(host='www.bbc.com', port=443): Read timed out. (read timeout=14)
2025-07-10 23:21:14.019356 | [EvolveLoopError] 'score'
2025-07-10 23:21:30.174117 | [fetch_data_error] HTTPSConnectionPool(host='www.bbc.com', port=443): Read timed out. (read timeout=14)
2025-07-10 23:21:31.693919 | [EvolveLoopError] 'score'
2025-07-10 23:21:47.820942 | [fetch_data_error] HTTPSConnectionPool(host='www.bbc.com', port=443): Read timed out. (read timeout=14)
2025-07-10 23:21:48.926907 | [EvolveLoopError] 'score'
2025-07-10 23:22:06.113494 | [fetch_data_error] HTTPSConnectionPool(host='medium.com', port=443): Read timed out. (read timeout=14)
2025-07-10 23:22:07.209881 | [EvolveLoopError] 'score'
2025-07-10 23:22:23.366589 | [fetch_data_error] HTTPSConnectionPool(host='www.bbc.com', port=443): Read timed out. (read timeout=14)
2025-07-10 23:22:24.811432 | [EvolveLoopError] 'score'
2025-07-10 23:22:28.279111 | [EvolveLoopError] 'score'
2025-07-10 23:22:31.512536 | [EvolveLoopError] 'score'
2025-07-10 23:22:35.033234 | [EvolveLoopError] 'score'
2025-07-10 23:22:51.862470 | [fetch_data_error] HTTPSConnectionPool(host='realpython.com', port=443): Read timed out.
2025-07-10 23:22:52.497951 | [EvolveLoopError] 'score'
2025-07-10 23:22:55.953503 | [EvolveLoopError] 'score'
2025-07-10 23:22:59.495365 | [EvolveLoopError] 'score'
2025-07-10 23:23:03.178645 | [EvolveLoopError] 'score'
2025-07-10 23:23:07.372224 | [EvolveLoopError] 'score'
2025-07-10 23:23:10.154467 | [EvolveLoopError] 'score'
2025-07-10 23:23:13.229714 | [EvolveLoopError] 'score'
2025-07-10 23:23:16.886498 | [EvolveLoopError] 'score'
2025-07-10 23:23:19.973064 | [EvolveLoopError] 'score'
2025-07-10 23:23:23.878966 | [EvolveLoopError] 'score'
2025-07-10 23:23:26.522938 | [EvolveLoopError] 'score'
2025-07-10 23:23:29.967609 | [EvolveLoopError] 'score'
2025-07-10 23:23:32.617904 | [EvolveLoopError] 'score'
2025-07-10 23:23:35.544726 | [EvolveLoopError] 'score'
2025-07-10 23:23:38.210414 | [EvolveLoopError] 'score'
2025-07-10 23:23:41.235174 | [EvolveLoopError] 'score'
2025-07-10 23:23:43.844083 | [EvolveLoopError] 'score'
2025-07-10 23:23:46.526536 | [EvolveLoopError] 'score'
2025-07-10 23:23:49.500504 | [EvolveLoopError] 'score'
2025-07-10 23:23:52.828979 | [EvolveLoopError] 'score'
2025-07-10 23:23:55.877825 | [EvolveLoopError] 'score'
2025-07-10 23:23:59.412318 | [EvolveLoopError] 'score'
2025-07-10 23:24:17.340804 | [fetch_data_error] HTTPSConnectionPool(host='www.bbc.com', port=443): Read timed out. (read timeout=14)
2025-07-10 23:24:19.377216 | [EvolveLoopError] 'score'
2025-07-10 23:24:25.548301 | [EvolveLoopError] 'score'
2025-07-10 23:24:29.133422 | [EvolveLoopError] 'score'
2025-07-10 23:24:31.798765 | [EvolveLoopError] 'score'
2025-07-10 23:24:35.276946 | [EvolveLoopError] 'score'
2025-07-10 23:24:37.894611 | [EvolveLoopError] 'score'
2025-07-10 23:24:42.024125 | [EvolveLoopError] 'score'
2025-07-10 23:24:44.854961 | [EvolveLoopError] 'score'
2025-07-10 23:24:47.423526 | [EvolveLoopError] 'score'
2025-07-10 23:24:50.848456 | [EvolveLoopError] 'score'
2025-07-10 23:24:54.663630 | [EvolveLoopError] 'score'
2025-07-10 23:25:02.369218 | [EvolveLoopError] 'score'
2025-07-10 23:25:05.007679 | [EvolveLoopError] 'score'
2025-07-10 23:25:08.566049 | [EvolveLoopError] 'score'
2025-07-10 23:25:24.701747 | [fetch_data_error] HTTPSConnectionPool(host='www.bbc.com', port=443): Read timed out. (read timeout=14)
2025-07-10 23:25:25.698186 | [EvolveLoopError] 'score'
2025-07-10 23:25:31.894196 | [EvolveLoopError] 'score'
2025-07-10 23:25:35.466789 | [EvolveLoopError] 'score'
2025-07-10 23:25:39.099766 | [EvolveLoopError] 'score'
2025-07-10 23:25:42.459192 | [EvolveLoopError] 'score'
2025-07-10 23:25:58.587158 | [fetch_data_error] HTTPSConnectionPool(host='www.bbc.com', port=443): Read timed out. (read timeout=14)
2025-07-10 23:26:00.414018 | [EvolveLoopError] 'score'
2025-07-10 23:26:03.426884 | [EvolveLoopError] 'score'
2025-07-10 23:26:19.537028 | [fetch_data_error] HTTPSConnectionPool(host='medium.com', port=443): Read timed out. (read timeout=14)
2025-07-10 23:26:20.226487 | [EvolveLoopError] 'score'
2025-07-10 23:26:23.453196 | [EvolveLoopError] 'score'
2025-07-10 23:26:26.412477 | [EvolveLoopError] 'score'
2025-07-10 23:26:30.256463 | [EvolveLoopError] 'score'
2025-07-10 23:26:32.984270 | [EvolveLoopError] 'score'
2025-07-10 23:26:35.905498 | [EvolveLoopError] 'score'
2025-07-10 23:26:39.235403 | [EvolveLoopError] 'score'
2025-07-10 23:26:44.307049 | [EvolveLoopError] 'score'
2025-07-10 23:26:47.765564 | [EvolveLoopError] 'score'
2025-07-10 23:27:03.891281 | [fetch_data_error] HTTPSConnectionPool(host='www.bbc.com', port=443): Read timed out. (read timeout=14)
2025-07-10 23:27:06.074104 | [EvolveLoopError] 'score'
2025-07-10 23:27:09.989925 | [EvolveLoopError] 'score'
2025-07-10 23:27:14.063504 | [EvolveLoopError] 'score'
2025-07-10 23:27:17.065495 | [EvolveLoopError] 'score'
2025-07-10 23:27:22.343448 | [EvolveLoopError] 'score'
2025-07-10 23:27:26.139315 | [EvolveLoopError] 'score'
2025-07-10 23:27:29.740707 | [EvolveLoopError] 'score'
2025-07-10 23:27:33.189999 | [EvolveLoopError] 'score'
2025-07-10 23:27:35.927094 | [EvolveLoopError] 'score'
2025-07-10 23:27:38.634230 | [EvolveLoopError] 'score'
2025-07-10 23:27:57.153472 | [fetch_data_error] HTTPSConnectionPool(host='medium.com', port=443): Read timed out. (read timeout=14)
2025-07-10 23:28:11.266134 | [fetch_data_error] HTTPSConnectionPool(host='medium.com', port=443): Read timed out. (read timeout=14)
2025-07-10 23:28:12.072426 | [EvolveLoopError] 'score'
2025-07-10 23:28:15.781026 | [EvolveLoopError] 'score'
2025-07-10 23:28:19.873609 | [EvolveLoopError] 'score'
2025-07-10 23:28:23.002745 | [EvolveLoopError] 'score'
2025-07-10 23:28:26.502949 | [EvolveLoopError] 'score'
2025-07-10 23:28:29.219089 | [EvolveLoopError] 'score'
2025-07-10 23:28:32.379543 | [EvolveLoopError] 'score'
2025-07-10 23:28:35.155505 | [EvolveLoopError] 'score'
2025-07-10 23:28:38.819856 | [EvolveLoopError] 'score'
2025-07-10 23:28:42.424960 | [EvolveLoopError] 'score'
2025-07-10 23:28:45.160809 | [EvolveLoopError] 'score'
2025-07-10 23:28:47.919935 | [EvolveLoopError] 'score'
2025-07-10 23:29:04.032102 | [fetch_data_error] HTTPSConnectionPool(host='medium.com', port=443): Read timed out. (read timeout=14)
2025-07-10 23:29:05.402381 | [EvolveLoopError] 'score'
2025-07-10 23:29:09.214203 | [EvolveLoopError] 'score'
2025-07-10 23:29:13.320647 | [EvolveLoopError] 'score'
2025-07-10 23:29:16.589642 | [EvolveLoopError] 'score'
2025-07-10 23:29:19.218961 | [EvolveLoopError] 'score'
2025-07-10 23:29:21.367464 | [fetch_data_error] ('Connection aborted.', ConnectionResetError(104, 'Connection reset by peer'))
2025-07-10 23:29:22.389810 | [EvolveLoopError] 'score'
2025-07-10 23:29:26.602049 | [EvolveLoopError] 'score'
2025-07-10 23:29:42.703862 | [fetch_data_error] HTTPSConnectionPool(host='medium.com', port=443): Read timed out. (read timeout=14)
2025-07-10 23:29:43.367051 | [EvolveLoopError] 'score'
2025-07-10 23:29:53.086841 | [EvolveLoopError] 'score'
2025-07-10 23:29:56.152641 | [EvolveLoopError] 'score'
2025-07-10 23:29:59.740507 | [EvolveLoopError] 'score'
2025-07-10 23:30:02.348877 | [EvolveLoopError] 'score'
2025-07-10 23:30:05.140578 | [EvolveLoopError] 'score'
2025-07-10 23:30:08.659448 | [EvolveLoopError] 'score'
2025-07-10 23:30:12.327764 | [EvolveLoopError] 'score'
2025-07-10 23:30:28.407383 | [fetch_data_error] HTTPSConnectionPool(host='medium.com', port=443): Read timed out. (read timeout=14)
2025-07-10 23:30:42.665879 | [AutoDiag] {"epoch": 710, "best_score": 27540.9164731593, "skills": ["python:16152", "data:14542", "ai:6962", "web:3636", "react:2813", "javascript:2692", "blockchain:2309", "security:1841", "html:1419", "network:1007"], "trends": ["python:8090", "builder:7896", "button:7789", "learning:6435", "search:6355", "github:6185", "updated:5867", "issues:5528", "requests:5294", "border:4706"], "projects": ["deep-learning", "data-science", "search?q=programming+latest", "despite", "and"], "examples": 0, "memory_docs": 950, "tests_passed": 0, "tests_total": 0}
2025-07-10 23:30:44.568233 | [AI] Автообновление ключевых знаний.
2025-07-10 23:30:45.154289 | [AI] Автоматический backup выполнен.
2025-07-10 23:30:45.808660 | [fetch_data_error] HTTPSConnectionPool(host='www.bbc.com', port=443): Read timed out. (read timeout=14)
2025-07-10 23:30:47.125770 | [EvolveLoopError] 'score'
2025-07-10 23:31:04.050484 | [fetch_data_error] HTTPSConnectionPool(host='realpython.com', port=443): Read timed out.
2025-07-10 23:31:06.719768 | [EvolveLoopError] 'score'
2025-07-10 23:31:10.445295 | [EvolveLoopError] 'score'
2025-07-10 23:31:26.558472 | [fetch_data_error] HTTPSConnectionPool(host='www.bbc.com', port=443): Read timed out. (read timeout=14)
2025-07-10 23:31:28.044792 | [EvolveLoopError] 'score'
2025-07-10 23:31:44.951814 | [fetch_data_error] HTTPSConnectionPool(host='realpython.com', port=443): Read timed out.
2025-07-10 23:31:49.354083 | [EvolveLoopError] 'score'
2025-07-10 23:31:52.013381 | [EvolveLoopError] 'score'
2025-07-10 23:31:55.614867 | [EvolveLoopError] 'score'
2025-07-10 23:32:11.693687 | [fetch_data_error] HTTPSConnectionPool(host='medium.com', port=443): Read timed out. (read timeout=14)
2025-07-10 23:32:13.232582 | [EvolveLoopError] 'score'
2025-07-10 23:32:17.423417 | [EvolveLoopError] 'score'
2025-07-10 23:32:20.946836 | [EvolveLoopError] 'score'
2025-07-10 23:32:24.682296 | [EvolveLoopError] 'score'
2025-07-10 23:32:27.593819 | [EvolveLoopError] 'score'
2025-07-10 23:32:31.386323 | [EvolveLoopError] 'score'
2025-07-10 23:32:33.922927 | [EvolveLoopError] 'score'
2025-07-10 23:32:36.588903 | [EvolveLoopError] 'score'
2025-07-10 23:32:39.948471 | [EvolveLoopError] 'score'
2025-07-10 23:32:43.194214 | [EvolveLoopError] 'score'
2025-07-10 23:32:46.410878 | [EvolveLoopError] 'score'
2025-07-10 23:32:49.858989 | [EvolveLoopError] 'score'
2025-07-10 23:32:53.524482 | [EvolveLoopError] 'score'
2025-07-10 23:32:56.750890 | [EvolveLoopError] 'score'
2025-07-10 23:33:00.254107 | [EvolveLoopError] 'score'
2025-07-10 23:33:03.671464 | [EvolveLoopError] 'score'
2025-07-10 23:33:06.331189 | [EvolveLoopError] 'score'
2025-07-10 23:33:09.060026 | [EvolveLoopError] 'score'
2025-07-10 23:33:12.628387 | [EvolveLoopError] 'score'
2025-07-10 23:33:29.530583 | [fetch_data_error] HTTPSConnectionPool(host='medium.com', port=443): Read timed out. (read timeout=14)
2025-07-10 23:33:43.652019 | [fetch_data_error] HTTPSConnectionPool(host='www.bbc.com', port=443): Read timed out. (read timeout=14)
2025-07-10 23:33:44.819430 | [EvolveLoopError] 'score'
2025-07-10 23:33:47.596903 | [EvolveLoopError] 'score'
2025-07-10 23:33:50.761852 | [EvolveLoopError] 'score'
2025-07-10 23:33:53.868056 | [EvolveLoopError] 'score'
2025-07-10 23:34:09.952799 | [fetch_data_error] HTTPSConnectionPool(host='medium.com', port=443): Read timed out. (read timeout=14)
2025-07-10 23:34:11.613721 | [EvolveLoopError] 'score'
2025-07-10 23:34:15.098928 | [EvolveLoopError] 'score'
2025-07-10 23:34:18.821179 | [EvolveLoopError] 'score'
2025-07-10 23:34:22.331085 | [EvolveLoopError] 'score'
2025-07-10 23:34:25.016756 | [EvolveLoopError] 'score'
2025-07-10 23:34:29.054795 | [EvolveLoopError] 'score'
2025-07-10 23:34:32.382369 | [EvolveLoopError] 'score'
2025-07-10 23:34:34.532111 | [fetch_data_error] ('Connection aborted.', ConnectionResetError(104, 'Connection reset by peer'))
2025-07-10 23:34:36.292332 | [EvolveLoopError] 'score'
2025-07-10 23:34:38.967838 | [EvolveLoopError] 'score'
2025-07-10 23:34:41.581560 | [EvolveLoopError] 'score'
2025-07-10 23:34:44.843137 | [EvolveLoopError] 'score'
2025-07-10 23:34:48.822642 | [EvolveLoopError] 'score'
2025-07-10 23:34:59.595174 | [EvolveLoopError] 'score'
2025-07-10 23:35:04.055021 | [EvolveLoopError] 'score'
2025-07-10 23:35:07.024322 | [EvolveLoopError] 'score'
2025-07-10 23:35:23.169797 | [fetch_data_error] HTTPSConnectionPool(host='www.bbc.com', port=443): Read timed out. (read timeout=14)
2025-07-10 23:35:24.208306 | [EvolveLoopError] 'score'
2025-07-10 23:35:27.687293 | [EvolveLoopError] 'score'
2025-07-10 23:35:31.712283 | [EvolveLoopError] 'score'
2025-07-10 23:35:34.317727 | [EvolveLoopError] 'score'
2025-07-10 23:35:37.066392 | [EvolveLoopError] 'score'
2025-07-10 23:35:40.262945 | [EvolveLoopError] 'score'
2025-07-10 23:35:43.634954 | [EvolveLoopError] 'score'
2025-07-10 23:35:47.086523 | [EvolveLoopError] 'score'
2025-07-10 23:35:50.491514 | [EvolveLoopError] 'score'
2025-07-10 23:35:53.089097 | [EvolveLoopError] 'score'
2025-07-10 23:35:55.833102 | [EvolveLoopError] 'score'
2025-07-10 23:35:58.779190 | [EvolveLoopError] 'score'
2025-07-10 23:36:01.748048 | [EvolveLoopError] 'score'
2025-07-10 23:36:04.461402 | [EvolveLoopError] 'score'
2025-07-10 23:36:22.130277 | [fetch_data_error] HTTPSConnectionPool(host='www.bbc.com', port=443): Read timed out. (read timeout=14)
2025-07-10 23:36:23.558576 | [EvolveLoopError] 'score'
2025-07-10 23:36:26.321648 | [EvolveLoopError] 'score'
2025-07-10 23:36:29.690654 | [EvolveLoopError] 'score'
2025-07-10 23:36:33.486781 | [EvolveLoopError] 'score'
2025-07-10 23:36:36.389274 | [EvolveLoopError] 'score'
2025-07-10 23:36:39.146340 | [EvolveLoopError] 'score'
2025-07-10 23:36:42.732973 | [EvolveLoopError] 'score'
2025-07-10 23:36:58.822687 | [fetch_data_error] HTTPSConnectionPool(host='medium.com', port=443): Read timed out. (read timeout=14)
2025-07-10 23:37:12.937770 | [fetch_data_error] HTTPSConnectionPool(host='www.bbc.com', port=443): Read timed out. (read timeout=14)
2025-07-10 23:37:14.041406 | [EvolveLoopError] 'score'
2025-07-10 23:37:17.348073 | [EvolveLoopError] 'score'
2025-07-10 23:37:20.066594 | [EvolveLoopError] 'score'
2025-07-10 23:37:23.590299 | [EvolveLoopError] 'score'
2025-07-10 23:37:39.708831 | [fetch_data_error] HTTPSConnectionPool(host='medium.com', port=443): Read timed out. (read timeout=14)
2025-07-10 23:37:40.970467 | [EvolveLoopError] 'score'
2025-07-10 23:37:44.142753 | [EvolveLoopError] 'score'
2025-07-10 23:37:48.033104 | [EvolveLoopError] 'score'
2025-07-10 23:37:51.336202 | [EvolveLoopError] 'score'
2025-07-10 23:37:54.292412 | [EvolveLoopError] 'score'
2025-07-10 23:37:57.316637 | [EvolveLoopError] 'score'
